<?xml version="1.0" encoding="UTF-8"?>
<testsuite name="a4.PostfixTest" tests="7" skipped="0" failures="0" errors="0" timestamp="2025-03-12T00:39:04" hostname="Amelias-MacBook-Air-6.local" time="0.007">
  <properties/>
  <testcase name="testPostfixSingle" classname="a4.PostfixTest" time="0.0"/>
  <testcase name="testPostfixCombo" classname="a4.PostfixTest" time="0.002"/>
  <testcase name="testPostfixMinus" classname="a4.PostfixTest" time="0.001"/>
  <testcase name="testPostfixTimes" classname="a4.PostfixTest" time="0.001"/>
  <testcase name="testPostfixThrowsException" classname="a4.PostfixTest" time="0.0"/>
  <testcase name="testPostfixDiv" classname="a4.PostfixTest" time="0.001"/>
  <testcase name="testPostfixPlus" classname="a4.PostfixTest" time="0.002"/>
  <system-out><![CDATA[Double recognized
Stack after pushing double: [3.14159]
Double recognized
Stack after pushing double: [7.0]
Double recognized
Stack after pushing double: [28.0]
Double recognized
Stack after pushing double: [1.0, 28.0]
Double recognized
Stack after pushing double: [4.0, 1.0, 28.0]
Operator recognized
Number24.0
Number11.0
[0.25, 28.0]
Operator recognized
Number20.25
Number128.0
[7.0]
Double recognized
Stack after pushing double: [3.0]
Double recognized
Stack after pushing double: [1.0, 3.0]
Operator recognized
Number21.0
Number13.0
[4.0]
Double recognized
Stack after pushing double: [10.0, 4.0]
Double recognized
Stack after pushing double: [3.0, 10.0, 4.0]
Operator recognized
Number23.0
Number110.0
[7.0, 4.0]
Operator recognized
Number27.0
Number14.0
[28.0]
Double recognized
Stack after pushing double: [4.0, 28.0]
Operator recognized
Number24.0
Number128.0
[7.0]
Double recognized
Stack after pushing double: [7.0]
Double recognized
Stack after pushing double: [1.0, 7.0]
Operator recognized
Number21.0
Number17.0
[7.0]
Double recognized
Stack after pushing double: [1.0, 7.0]
Operator recognized
Number21.0
Number17.0
[7.0]
Double recognized
Stack after pushing double: [0.0, 7.0]
Operator recognized
Number20.0
Number17.0
[7.0]
Double recognized
Stack after pushing double: [0.0, 7.0]
Operator recognized
Number20.0
Number17.0
[7.0]
Double recognized
Stack after pushing double: [9.0]
Double recognized
Stack after pushing double: [2.0, 9.0]
Operator recognized
Number22.0
Number19.0
[7.0]
Double recognized
Stack after pushing double: [11.0]
Double recognized
Stack after pushing double: [4.0, 11.0]
Operator recognized
Number24.0
Number111.0
[7.0]
Double recognized
Stack after pushing double: [15.0]
Double recognized
Stack after pushing double: [6.0, 15.0]
Operator recognized
Number26.0
Number115.0
[9.0]
Double recognized
Stack after pushing double: [2.0, 9.0]
Operator recognized
Number22.0
Number19.0
[7.0]
Double recognized
Stack after pushing double: [15.0]
Double recognized
Stack after pushing double: [10.0, 15.0]
Double recognized
Stack after pushing double: [2.0, 10.0, 15.0]
Operator recognized
Number22.0
Number110.0
[8.0, 15.0]
Operator recognized
Number28.0
Number115.0
[7.0]
Double recognized
Stack after pushing double: [3.5]
Double recognized
Stack after pushing double: [2.0, 3.5]
Operator recognized
Number22.0
Number13.5
[7.0]
Double recognized
Stack after pushing double: [1.75]
Double recognized
Stack after pushing double: [2.0, 1.75]
Double recognized
Stack after pushing double: [2.0, 2.0, 1.75]
Operator recognized
Number22.0
Number12.0
[4.0, 1.75]
Operator recognized
Number24.0
Number11.75
[7.0]
Double recognized
Stack after pushing double: [1.75]
Double recognized
Stack after pushing double: [2.0, 1.75]
Operator recognized
Number22.0
Number11.75
[3.5]
Double recognized
Stack after pushing double: [2.0, 3.5]
Operator recognized
Number22.0
Number13.5
[7.0]
Operator recognized
Too small stack: []
Double recognized
Stack after pushing double: [21.0]
Double recognized
Stack after pushing double: [3.0, 21.0]
Operator recognized
Number23.0
Number121.0
[7.0]
Double recognized
Stack after pushing double: [70.0]
Double recognized
Stack after pushing double: [5.0, 70.0]
Operator recognized
Number25.0
Number170.0
[14.0]
Double recognized
Stack after pushing double: [2.0, 14.0]
Operator recognized
Number22.0
Number114.0
[7.0]
Double recognized
Stack after pushing double: [70.0]
Double recognized
Stack after pushing double: [100.0, 70.0]
Double recognized
Stack after pushing double: [10.0, 100.0, 70.0]
Operator recognized
Number210.0
Number1100.0
[10.0, 70.0]
Operator recognized
Number210.0
Number170.0
[7.0]
Double recognized
Stack after pushing double: [6.0]
Double recognized
Stack after pushing double: [1.0, 6.0]
Operator recognized
Number21.0
Number16.0
[7.0]
Double recognized
Stack after pushing double: [0.0]
Double recognized
Stack after pushing double: [7.0, 0.0]
Operator recognized
Number27.0
Number10.0
[7.0]
Double recognized
Stack after pushing double: [2.0]
Double recognized
Stack after pushing double: [3.0, 2.0]
Double recognized
Stack after pushing double: [2.0, 3.0, 2.0]
Operator recognized
Number22.0
Number13.0
[5.0, 2.0]
Operator recognized
Number25.0
Number12.0
[7.0]
Double recognized
Stack after pushing double: [2.0]
Double recognized
Stack after pushing double: [2.0, 2.0]
Double recognized
Stack after pushing double: [2.0, 2.0, 2.0]
Double recognized
Stack after pushing double: [1.0, 2.0, 2.0, 2.0]
Operator recognized
Number21.0
Number12.0
[3.0, 2.0, 2.0]
Operator recognized
Number23.0
Number12.0
[5.0, 2.0]
Operator recognized
Number25.0
Number12.0
[7.0]
Double recognized
Stack after pushing double: [1.0]
Double recognized
Stack after pushing double: [1.0, 1.0]
Double recognized
Stack after pushing double: [1.0, 1.0, 1.0]
Double recognized
Stack after pushing double: [1.0, 1.0, 1.0, 1.0]
Double recognized
Stack after pushing double: [1.0, 1.0, 1.0, 1.0, 1.0]
Double recognized
Stack after pushing double: [1.0, 1.0, 1.0, 1.0, 1.0, 1.0]
Double recognized
Stack after pushing double: [1.0, 1.0, 1.0, 1.0, 1.0, 1.0, 1.0]
Operator recognized
Number21.0
Number11.0
[2.0, 1.0, 1.0, 1.0, 1.0, 1.0]
Operator recognized
Number22.0
Number11.0
[3.0, 1.0, 1.0, 1.0, 1.0]
Operator recognized
Number23.0
Number11.0
[4.0, 1.0, 1.0, 1.0]
Operator recognized
Number24.0
Number11.0
[5.0, 1.0, 1.0]
Operator recognized
Number25.0
Number11.0
[6.0, 1.0]
Operator recognized
Number26.0
Number11.0
[7.0]
Double recognized
Stack after pushing double: [2.0]
Double recognized
Stack after pushing double: [2.0, 2.0]
Operator recognized
Number22.0
Number12.0
[4.0]
Double recognized
Stack after pushing double: [2.0, 4.0]
Double recognized
Stack after pushing double: [1.0, 2.0, 4.0]
Operator recognized
Number21.0
Number12.0
[3.0, 4.0]
Operator recognized
Number23.0
Number14.0
[7.0]
]]></system-out>
  <system-err><![CDATA[]]></system-err>
</testsuite>
